<?xml version="1.0" encoding="UTF-8"?>
<!-- Generated by org.testng.reporters.JUnitXMLReporter -->
<testsuite ignored="0" hostname="LAPTOP-3NFN0V0A" failures="0" tests="5" name="demo group" time="0.074" errors="0" timestamp="2024-08-13T22:26:24 IST">
  <testcase classname="testNGPack.groupTestNG_class" name="m1" time="0.012"/>
  <testcase classname="testNGPack.groupTestNG_class" name="m2" time="0.002"/>
  <testcase classname="testNGPack.groupTestNG_class" name="m3" time="0.001"/>
  <testcase classname="testNGPack.second1" name="m2" time="0.001"/>
  <testcase classname="testNGPack.second12" name="m2" time="0.001"/>
</testsuite> <!-- demo group -->
