<?xml version="1.0" encoding="UTF-8"?>
<!-- Generated by org.testng.reporters.JUnitXMLReporter -->
<testsuite ignored="2" hostname="LAPTOP-3NFN0V0A" failures="0" tests="3" name="Practice Grouping" time="0.06" errors="0" timestamp="2024-08-14T17:39:58 IST">
  <testcase classname="testNGPack.grouping" name="Scooter1" time="0.01"/>
  <testcase classname="testNGPack.grouping" name="Scooter2" time="0.001"/>
  <testcase classname="testNGPack.grouping" name="Sedan1" time="0.001"/>
  <testcase classname="testNGPack.grouping" name="Car1" time="0.0">
    <ignored/>
  </testcase> <!-- Car1 -->
  <testcase classname="testNGPack.grouping" name="Car2" time="0.0">
    <ignored/>
  </testcase> <!-- Car2 -->
</testsuite> <!-- Practice Grouping -->
